Determining if the pthread_create exist failed with the following output:
Change Dir: /home/karthikdharmarajan/Documents/Power_Line_Inspection/build/mavros_extras/CMakeFiles/CMakeTmp

Run Build Command:"/usr/bin/make" "cmTC_ae2fc/fast"
/usr/bin/make -f CMakeFiles/cmTC_ae2fc.dir/build.make CMakeFiles/cmTC_ae2fc.dir/build
make[1]: Entering directory '/home/karthikdharmarajan/Documents/Power_Line_Inspection/build/mavros_extras/CMakeFiles/CMakeTmp'
Building C object CMakeFiles/cmTC_ae2fc.dir/CheckSymbolExists.c.o
/usr/bin/cc    -o CMakeFiles/cmTC_ae2fc.dir/CheckSymbolExists.c.o   -c /home/karthikdharmarajan/Documents/Power_Line_Inspection/build/mavros_extras/CMakeFiles/CMakeTmp/CheckSymbolExists.c
Linking C executable cmTC_ae2fc
/usr/bin/cmake -E cmake_link_script CMakeFiles/cmTC_ae2fc.dir/link.txt --verbose=1
/usr/bin/cc      -rdynamic CMakeFiles/cmTC_ae2fc.dir/CheckSymbolExists.c.o  -o cmTC_ae2fc 
CMakeFiles/cmTC_ae2fc.dir/CheckSymbolExists.c.o: In function `main':
CheckSymbolExists.c:(.text+0x1b): undefined reference to `pthread_create'
collect2: error: ld returned 1 exit status
CMakeFiles/cmTC_ae2fc.dir/build.make:97: recipe for target 'cmTC_ae2fc' failed
make[1]: *** [cmTC_ae2fc] Error 1
make[1]: Leaving directory '/home/karthikdharmarajan/Documents/Power_Line_Inspection/build/mavros_extras/CMakeFiles/CMakeTmp'
Makefile:126: recipe for target 'cmTC_ae2fc/fast' failed
make: *** [cmTC_ae2fc/fast] Error 2

File /home/karthikdharmarajan/Documents/Power_Line_Inspection/build/mavros_extras/CMakeFiles/CMakeTmp/CheckSymbolExists.c:
/* */
#include <pthread.h>

int main(int argc, char** argv)
{
  (void)argv;
#ifndef pthread_create
  return ((int*)(&pthread_create))[argc];
#else
  (void)argc;
  return 0;
#endif
}

Determining if the function pthread_create exists in the pthreads failed with the following output:
Change Dir: /home/karthikdharmarajan/Documents/Power_Line_Inspection/build/mavros_extras/CMakeFiles/CMakeTmp

Run Build Command:"/usr/bin/make" "cmTC_80441/fast"
/usr/bin/make -f CMakeFiles/cmTC_80441.dir/build.make CMakeFiles/cmTC_80441.dir/build
make[1]: Entering directory '/home/karthikdharmarajan/Documents/Power_Line_Inspection/build/mavros_extras/CMakeFiles/CMakeTmp'
Building C object CMakeFiles/cmTC_80441.dir/CheckFunctionExists.c.o
/usr/bin/cc   -DCHECK_FUNCTION_EXISTS=pthread_create   -o CMakeFiles/cmTC_80441.dir/CheckFunctionExists.c.o   -c /usr/share/cmake-3.10/Modules/CheckFunctionExists.c
Linking C executable cmTC_80441
/usr/bin/cmake -E cmake_link_script CMakeFiles/cmTC_80441.dir/link.txt --verbose=1
/usr/bin/cc  -DCHECK_FUNCTION_EXISTS=pthread_create    -rdynamic CMakeFiles/cmTC_80441.dir/CheckFunctionExists.c.o  -o cmTC_80441 -lpthreads 
/usr/bin/ld: cannot find -lpthreads
collect2: error: ld returned 1 exit status
CMakeFiles/cmTC_80441.dir/build.make:97: recipe for target 'cmTC_80441' failed
make[1]: *** [cmTC_80441] Error 1
make[1]: Leaving directory '/home/karthikdharmarajan/Documents/Power_Line_Inspection/build/mavros_extras/CMakeFiles/CMakeTmp'
Makefile:126: recipe for target 'cmTC_80441/fast' failed
make: *** [cmTC_80441/fast] Error 2


