Determining if the pthread_create exist failed with the following output:
Change Dir: /home/karthikdharmarajan/Documents/ISAACS_Drone/build/libmavconn/CMakeFiles/CMakeTmp

Run Build Command:"/usr/bin/make" "cmTC_a1c5d/fast"
/usr/bin/make -f CMakeFiles/cmTC_a1c5d.dir/build.make CMakeFiles/cmTC_a1c5d.dir/build
make[1]: Entering directory '/home/karthikdharmarajan/Documents/ISAACS_Drone/build/libmavconn/CMakeFiles/CMakeTmp'
Building C object CMakeFiles/cmTC_a1c5d.dir/CheckSymbolExists.c.o
/usr/lib/ccache/cc    -o CMakeFiles/cmTC_a1c5d.dir/CheckSymbolExists.c.o   -c /home/karthikdharmarajan/Documents/ISAACS_Drone/build/libmavconn/CMakeFiles/CMakeTmp/CheckSymbolExists.c
Linking C executable cmTC_a1c5d
/usr/bin/cmake -E cmake_link_script CMakeFiles/cmTC_a1c5d.dir/link.txt --verbose=1
/usr/lib/ccache/cc      -rdynamic CMakeFiles/cmTC_a1c5d.dir/CheckSymbolExists.c.o  -o cmTC_a1c5d 
CMakeFiles/cmTC_a1c5d.dir/CheckSymbolExists.c.o: In function `main':
CheckSymbolExists.c:(.text+0x1b): undefined reference to `pthread_create'
collect2: error: ld returned 1 exit status
CMakeFiles/cmTC_a1c5d.dir/build.make:97: recipe for target 'cmTC_a1c5d' failed
make[1]: *** [cmTC_a1c5d] Error 1
make[1]: Leaving directory '/home/karthikdharmarajan/Documents/ISAACS_Drone/build/libmavconn/CMakeFiles/CMakeTmp'
Makefile:126: recipe for target 'cmTC_a1c5d/fast' failed
make: *** [cmTC_a1c5d/fast] Error 2

File /home/karthikdharmarajan/Documents/ISAACS_Drone/build/libmavconn/CMakeFiles/CMakeTmp/CheckSymbolExists.c:
/* */
#include <pthread.h>

int main(int argc, char** argv)
{
  (void)argv;
#ifndef pthread_create
  return ((int*)(&pthread_create))[argc];
#else
  (void)argc;
  return 0;
#endif
}

Determining if the function pthread_create exists in the pthreads failed with the following output:
Change Dir: /home/karthikdharmarajan/Documents/ISAACS_Drone/build/libmavconn/CMakeFiles/CMakeTmp

Run Build Command:"/usr/bin/make" "cmTC_77ebe/fast"
/usr/bin/make -f CMakeFiles/cmTC_77ebe.dir/build.make CMakeFiles/cmTC_77ebe.dir/build
make[1]: Entering directory '/home/karthikdharmarajan/Documents/ISAACS_Drone/build/libmavconn/CMakeFiles/CMakeTmp'
Building C object CMakeFiles/cmTC_77ebe.dir/CheckFunctionExists.c.o
/usr/lib/ccache/cc   -DCHECK_FUNCTION_EXISTS=pthread_create   -o CMakeFiles/cmTC_77ebe.dir/CheckFunctionExists.c.o   -c /usr/share/cmake-3.10/Modules/CheckFunctionExists.c
Linking C executable cmTC_77ebe
/usr/bin/cmake -E cmake_link_script CMakeFiles/cmTC_77ebe.dir/link.txt --verbose=1
/usr/lib/ccache/cc  -DCHECK_FUNCTION_EXISTS=pthread_create    -rdynamic CMakeFiles/cmTC_77ebe.dir/CheckFunctionExists.c.o  -o cmTC_77ebe -lpthreads 
/usr/bin/ld: cannot find -lpthreads
collect2: error: ld returned 1 exit status
CMakeFiles/cmTC_77ebe.dir/build.make:97: recipe for target 'cmTC_77ebe' failed
make[1]: *** [cmTC_77ebe] Error 1
make[1]: Leaving directory '/home/karthikdharmarajan/Documents/ISAACS_Drone/build/libmavconn/CMakeFiles/CMakeTmp'
Makefile:126: recipe for target 'cmTC_77ebe/fast' failed
make: *** [cmTC_77ebe/fast] Error 2


