Determining if the pthread_create exist failed with the following output:
Change Dir: /home/karthikdharmarajan/Documents/ISAACS_Drone/build/catkin_tools_prebuild/CMakeFiles/CMakeTmp

Run Build Command:"/usr/bin/make" "cmTC_16176/fast"
/usr/bin/make -f CMakeFiles/cmTC_16176.dir/build.make CMakeFiles/cmTC_16176.dir/build
make[1]: Entering directory '/home/karthikdharmarajan/Documents/ISAACS_Drone/build/catkin_tools_prebuild/CMakeFiles/CMakeTmp'
Building C object CMakeFiles/cmTC_16176.dir/CheckSymbolExists.c.o
/usr/lib/ccache/cc    -o CMakeFiles/cmTC_16176.dir/CheckSymbolExists.c.o   -c /home/karthikdharmarajan/Documents/ISAACS_Drone/build/catkin_tools_prebuild/CMakeFiles/CMakeTmp/CheckSymbolExists.c
Linking C executable cmTC_16176
/usr/bin/cmake -E cmake_link_script CMakeFiles/cmTC_16176.dir/link.txt --verbose=1
/usr/lib/ccache/cc      -rdynamic CMakeFiles/cmTC_16176.dir/CheckSymbolExists.c.o  -o cmTC_16176 
CMakeFiles/cmTC_16176.dir/CheckSymbolExists.c.o: In function `main':
CheckSymbolExists.c:(.text+0x1b): undefined reference to `pthread_create'
collect2: error: ld returned 1 exit status
CMakeFiles/cmTC_16176.dir/build.make:97: recipe for target 'cmTC_16176' failed
make[1]: *** [cmTC_16176] Error 1
make[1]: Leaving directory '/home/karthikdharmarajan/Documents/ISAACS_Drone/build/catkin_tools_prebuild/CMakeFiles/CMakeTmp'
Makefile:126: recipe for target 'cmTC_16176/fast' failed
make: *** [cmTC_16176/fast] Error 2

File /home/karthikdharmarajan/Documents/ISAACS_Drone/build/catkin_tools_prebuild/CMakeFiles/CMakeTmp/CheckSymbolExists.c:
/* */
#include <pthread.h>

int main(int argc, char** argv)
{
  (void)argv;
#ifndef pthread_create
  return ((int*)(&pthread_create))[argc];
#else
  (void)argc;
  return 0;
#endif
}

Determining if the function pthread_create exists in the pthreads failed with the following output:
Change Dir: /home/karthikdharmarajan/Documents/ISAACS_Drone/build/catkin_tools_prebuild/CMakeFiles/CMakeTmp

Run Build Command:"/usr/bin/make" "cmTC_31fc3/fast"
/usr/bin/make -f CMakeFiles/cmTC_31fc3.dir/build.make CMakeFiles/cmTC_31fc3.dir/build
make[1]: Entering directory '/home/karthikdharmarajan/Documents/ISAACS_Drone/build/catkin_tools_prebuild/CMakeFiles/CMakeTmp'
Building C object CMakeFiles/cmTC_31fc3.dir/CheckFunctionExists.c.o
/usr/lib/ccache/cc   -DCHECK_FUNCTION_EXISTS=pthread_create   -o CMakeFiles/cmTC_31fc3.dir/CheckFunctionExists.c.o   -c /usr/share/cmake-3.10/Modules/CheckFunctionExists.c
Linking C executable cmTC_31fc3
/usr/bin/cmake -E cmake_link_script CMakeFiles/cmTC_31fc3.dir/link.txt --verbose=1
/usr/lib/ccache/cc  -DCHECK_FUNCTION_EXISTS=pthread_create    -rdynamic CMakeFiles/cmTC_31fc3.dir/CheckFunctionExists.c.o  -o cmTC_31fc3 -lpthreads 
/usr/bin/ld: cannot find -lpthreads
collect2: error: ld returned 1 exit status
CMakeFiles/cmTC_31fc3.dir/build.make:97: recipe for target 'cmTC_31fc3' failed
make[1]: *** [cmTC_31fc3] Error 1
make[1]: Leaving directory '/home/karthikdharmarajan/Documents/ISAACS_Drone/build/catkin_tools_prebuild/CMakeFiles/CMakeTmp'
Makefile:126: recipe for target 'cmTC_31fc3/fast' failed
make: *** [cmTC_31fc3/fast] Error 2


