<<<<<<< HEAD
Symlinking /home/karthikdharmarajan/Documents/ISAACS_Drone/devel/./local_setup.bash
Symlinking /home/karthikdharmarajan/Documents/ISAACS_Drone/devel/./local_setup.sh
Symlinking /home/karthikdharmarajan/Documents/ISAACS_Drone/devel/./setup.bash
Symlinking /home/karthikdharmarajan/Documents/ISAACS_Drone/devel/./env.sh
Symlinking /home/karthikdharmarajan/Documents/ISAACS_Drone/devel/./setup.zsh
Symlinking /home/karthikdharmarajan/Documents/ISAACS_Drone/devel/./cmake.lock
Symlinking /home/karthikdharmarajan/Documents/ISAACS_Drone/devel/./setup.sh
Symlinking /home/karthikdharmarajan/Documents/ISAACS_Drone/devel/./_setup_util.py
Symlinking /home/karthikdharmarajan/Documents/ISAACS_Drone/devel/./local_setup.zsh
Symlinking /home/karthikdharmarajan/Documents/ISAACS_Drone/devel/share/catkin_tools_prebuild/cmake/catkin_tools_prebuildConfig.cmake
Symlinking /home/karthikdharmarajan/Documents/ISAACS_Drone/devel/share/catkin_tools_prebuild/cmake/catkin_tools_prebuildConfig-version.cmake
Symlinking /home/karthikdharmarajan/Documents/ISAACS_Drone/devel/lib/pkgconfig/catkin_tools_prebuild.pc
=======
Symlinking /home/karthikdharmarajan/catkin_ws/devel/./local_setup.bash
Symlinking /home/karthikdharmarajan/catkin_ws/devel/./local_setup.sh
Symlinking /home/karthikdharmarajan/catkin_ws/devel/./setup.bash
Symlinking /home/karthikdharmarajan/catkin_ws/devel/./env.sh
Symlinking /home/karthikdharmarajan/catkin_ws/devel/./setup.zsh
Symlinking /home/karthikdharmarajan/catkin_ws/devel/./cmake.lock
Symlinking /home/karthikdharmarajan/catkin_ws/devel/./setup.sh
Symlinking /home/karthikdharmarajan/catkin_ws/devel/./_setup_util.py
Symlinking /home/karthikdharmarajan/catkin_ws/devel/./local_setup.zsh
Symlinking /home/karthikdharmarajan/catkin_ws/devel/share/catkin_tools_prebuild/cmake/catkin_tools_prebuildConfig.cmake
Symlinking /home/karthikdharmarajan/catkin_ws/devel/share/catkin_tools_prebuild/cmake/catkin_tools_prebuildConfig-version.cmake
Symlinking /home/karthikdharmarajan/catkin_ws/devel/lib/pkgconfig/catkin_tools_prebuild.pc
>>>>>>> origin/main
