Performing C SOURCE FILE Test CMAKE_HAVE_LIBC_PTHREAD failed with the following output:
Change Dir: /home/karthikdharmarajan/Documents/ISAACS_Drone/src/server_connector/cmake-build-debug/CMakeFiles/CMakeTmp

Run Build Command(s):/usr/bin/make cmTC_fd24d/fast && /usr/bin/make  -f CMakeFiles/cmTC_fd24d.dir/build.make CMakeFiles/cmTC_fd24d.dir/build
make[1]: Entering directory '/home/karthikdharmarajan/Documents/ISAACS_Drone/src/server_connector/cmake-build-debug/CMakeFiles/CMakeTmp'
Building C object CMakeFiles/cmTC_fd24d.dir/src.c.o
/usr/lib/ccache/cc   -DCMAKE_HAVE_LIBC_PTHREAD   -o CMakeFiles/cmTC_fd24d.dir/src.c.o   -c /home/karthikdharmarajan/Documents/ISAACS_Drone/src/server_connector/cmake-build-debug/CMakeFiles/CMakeTmp/src.c
Linking C executable cmTC_fd24d
/opt/clion-2020.2.4/bin/cmake/linux/bin/cmake -E cmake_link_script CMakeFiles/cmTC_fd24d.dir/link.txt --verbose=1
/usr/lib/ccache/cc  -DCMAKE_HAVE_LIBC_PTHREAD    -rdynamic CMakeFiles/cmTC_fd24d.dir/src.c.o  -o cmTC_fd24d 
CMakeFiles/cmTC_fd24d.dir/src.c.o: In function `main':
src.c:(.text+0x3e): undefined reference to `pthread_create'
src.c:(.text+0x4a): undefined reference to `pthread_detach'
src.c:(.text+0x56): undefined reference to `pthread_cancel'
src.c:(.text+0x67): undefined reference to `pthread_join'
src.c:(.text+0x7b): undefined reference to `pthread_atfork'
collect2: error: ld returned 1 exit status
CMakeFiles/cmTC_fd24d.dir/build.make:106: recipe for target 'cmTC_fd24d' failed
make[1]: *** [cmTC_fd24d] Error 1
make[1]: Leaving directory '/home/karthikdharmarajan/Documents/ISAACS_Drone/src/server_connector/cmake-build-debug/CMakeFiles/CMakeTmp'
Makefile:141: recipe for target 'cmTC_fd24d/fast' failed
make: *** [cmTC_fd24d/fast] Error 2


Source file was:
#include <pthread.h>

void* test_func(void* data)
{
  return data;
}

int main(void)
{
  pthread_t thread;
  pthread_create(&thread, NULL, test_func, NULL);
  pthread_detach(thread);
  pthread_cancel(thread);
  pthread_join(thread, NULL);
  pthread_atfork(NULL, NULL, NULL);
  pthread_exit(NULL);

  return 0;
}

Determining if the function pthread_create exists in the pthreads failed with the following output:
Change Dir: /home/karthikdharmarajan/Documents/ISAACS_Drone/src/server_connector/cmake-build-debug/CMakeFiles/CMakeTmp

Run Build Command(s):/usr/bin/make cmTC_a6381/fast && /usr/bin/make  -f CMakeFiles/cmTC_a6381.dir/build.make CMakeFiles/cmTC_a6381.dir/build
make[1]: Entering directory '/home/karthikdharmarajan/Documents/ISAACS_Drone/src/server_connector/cmake-build-debug/CMakeFiles/CMakeTmp'
Building C object CMakeFiles/cmTC_a6381.dir/CheckFunctionExists.c.o
/usr/lib/ccache/cc   -DCHECK_FUNCTION_EXISTS=pthread_create   -o CMakeFiles/cmTC_a6381.dir/CheckFunctionExists.c.o   -c /opt/clion-2020.2.4/bin/cmake/linux/share/cmake-3.17/Modules/CheckFunctionExists.c
Linking C executable cmTC_a6381
/opt/clion-2020.2.4/bin/cmake/linux/bin/cmake -E cmake_link_script CMakeFiles/cmTC_a6381.dir/link.txt --verbose=1
/usr/lib/ccache/cc  -DCHECK_FUNCTION_EXISTS=pthread_create    -rdynamic CMakeFiles/cmTC_a6381.dir/CheckFunctionExists.c.o  -o cmTC_a6381  -lpthreads 
/usr/bin/ld: cannot find -lpthreads
collect2: error: ld returned 1 exit status
CMakeFiles/cmTC_a6381.dir/build.make:106: recipe for target 'cmTC_a6381' failed
make[1]: *** [cmTC_a6381] Error 1
make[1]: Leaving directory '/home/karthikdharmarajan/Documents/ISAACS_Drone/src/server_connector/cmake-build-debug/CMakeFiles/CMakeTmp'
Makefile:141: recipe for target 'cmTC_a6381/fast' failed
make: *** [cmTC_a6381/fast] Error 2



